<?xml version="1.0" encoding="UTF-8"?>
<!-- Generated by org.testng.reporters.JUnitXMLReporter -->
<testsuite ignored="2" hostname="LAPTOP-S9DND4DE" failures="0" tests="1" name="Test1" time="4.556" errors="0" timestamp="2024-03-23T11:25:39 IST">
  <testcase classname="Using_TestNG_Listeners.TestCLass" name="TestGoogle" time="1.959"/>
  <testcase classname="Using_TestNG_Listeners.TestCLass" name="TestOrangeHRM" time="0.0">
    <ignored/>
  </testcase> <!-- TestOrangeHRM -->
  <testcase classname="Using_TestNG_Listeners.TestCLass" name="TestFacebook" time="0.0">
    <ignored/>
  </testcase> <!-- TestFacebook -->
</testsuite> <!-- Test1 -->
